Microsoft (R) Macro Assembler Version 14.14.26431.0	    11/02/18 20:54:09
(Program#4 (Phillips_Justin_Program4.asm		     Page 1 - 1


				TITLE Program#4 (Phillips_Justin_Program4.asm)
					
				; Author: Justin Phillips
				; Course/Project ID: CS271/Project 4              Date:10/23/2018
				; Description: Write a program to calculate composite numbers.First, the user is instructed to enter the number of 
				; composites to be displayed, and is prompted to enter an integer in the range [1 .. 400].  The user 
				; enters a number,n, and the programv erifies that 1 =n=400. If n is out of range, the user is re-
				; prompted until s/he enters a value in the specified range.  The program then calculates and displays 
				; all of the composite numbers up to and including thenth composite.  The results should be displayed 
				; 10 composites per line with at least 3 spaces between the numbers.

				INCLUDE Irvine32.inc
			      C ; Include file for Irvine32.lib             (Irvine32.inc)
			      C 
			      C ;OPTION CASEMAP:NONE		; optional: make identifiers case-sensitive
			      C 
			      C INCLUDE SmallWin.inc		; MS-Windows prototypes, structures, and constants
			      C .NOLIST
			      C .LIST
			      C 
			      C INCLUDE VirtualKeys.inc
			      C ; VirtualKeys.inc
			      C .NOLIST
			      C .LIST
			      C 
			      C 
			      C .NOLIST
			      C .LIST
			      C 

				; (insert constant definitions here)

 = 00000190			MAXSIZE =  400					; max int
 = 00000001			MINSIZE =  1					; min int

 00000000			.data

				; (insert variable definitions here)
 00000000  00000021 [		username	BYTE	33 dup(0)	; string entered by user
	    00
	   ]
 00000021 00000000		usernumber1 DWORD	?			; user composite numbers
 00000025 00000000		comp		DWORD	0			; composite number
 00000029 00000004		compstart	DWORD	4			; start composite
 0000002D 00000000		sum			DWORD	0			; sum of ints in fib
 00000031 00000000		count		DWORD	0			; track steps in sequence
 00000035 00000000		remainder	DWORD	0			; division remainder
 00000039 00000002		divisor		DWORD   2			; variable to hold values of checking composites
 0000003D 57 65 6C 63 6F	intro1		BYTE	"Welcome to program 4 composite numbers created by Justin Phillips.  ", 0
	   6D 65 20 74 6F
	   20 70 72 6F 67
	   72 61 6D 20 34
	   20 63 6F 6D 70
	   6F 73 69 74 65
	   20 6E 75 6D 62
	   65 72 73 20 63
	   72 65 61 74 65
	   64 20 62 79 20
	   4A 75 73 74 69
	   6E 20 50 68 69
	   6C 6C 69 70 73
	   2E 20 20 00
 00000082 45 78 74 72 61	ecintro		BYTE	"Extra Credit numbered lines on input is active. ", 0
	   20 43 72 65 64
	   69 74 20 6E 75
	   6D 62 65 72 65
	   64 20 6C 69 6E
	   65 73 20 6F 6E
	   20 69 6E 70 75
	   74 20 69 73 20
	   61 63 74 69 76
	   65 2E 20 00
 000000B3 50 6C 65 61 73	prompt1		BYTE	"Please enter your name. ", 0
	   65 20 65 6E 74
	   65 72 20 79 6F
	   75 72 20 6E 61
	   6D 65 2E 20 00
 000000CC 45 6E 74 65 72	prompt2		BYTE	"Enter a number between 1 and 400. This is the number of composites numbers shown. ", 0
	   20 61 20 6E 75
	   6D 62 65 72 20
	   62 65 74 77 65
	   65 6E 20 31 20
	   61 6E 64 20 34
	   30 30 2E 20 54
	   68 69 73 20 69
	   73 20 74 68 65
	   20 6E 75 6D 62
	   65 72 20 6F 66
	   20 63 6F 6D 70
	   6F 73 69 74 65
	   73 20 6E 75 6D
	   62 65 72 73 20
	   73 68 6F 77 6E
	   2E 20 00
 0000011F 49 6E 76 61 6C	errorprompt BYTE	"Invalid entry please stay with in the range. Please try again. ", 0
	   69 64 20 65 6E
	   74 72 79 20 70
	   6C 65 61 73 65
	   20 73 74 61 79
	   20 77 69 74 68
	   20 69 6E 20 74
	   68 65 20 72 61
	   6E 67 65 2E 20
	   50 6C 65 61 73
	   65 20 74 72 79
	   20 61 67 61 69
	   6E 2E 20 00
 0000015F 45 6E 74 65 72	userinput	BYTE	"Enter Number: ", 0
	   20 4E 75 6D 62
	   65 72 3A 20 00
 0000016E 20 20 20 00		compprint	BYTE	"   ", 0
 00000172 56 61 6C 69 64	countresult BYTE	"Valid numbers entered. ", 0
	   20 6E 75 6D 62
	   65 72 73 20 65
	   6E 74 65 72 65
	   64 2E 20 00
 0000018A 41 76 65 72 61	averesult	BYTE	"Average of your number (rounded). ", 0
	   67 65 20 6F 66
	   20 79 6F 75 72
	   20 6E 75 6D 62
	   65 72 20 28 72
	   6F 75 6E 64 65
	   64 29 2E 20 00
 000001AD 2E 20 00		linenumber	BYTE	". ", 0
 000001B0 54 68 61 6E 6B	goodbye		BYTE	"Thanks Good-Bye, ", 0
	   73 20 47 6F 6F
	   64 2D 42 79 65
	   2C 20 00

 00000000			.code
 00000000			main PROC
 00000000  E8 0000001B			call	intro
 00000005  E8 00000044			call	userData
 0000000A  E8 00000099			call	showComp
 0000000F  E8 0000012A			call	bye
 00000014  E8 00000000 E		call	CrLf
					exit
 00000019  6A 00	   *	    push   +000000000h
 0000001B  E8 00000000 E   *	    call   ExitProcess
 00000020			main ENDP

				; title:  introduction
				; receives: variables
				; returns: username
				; preconditions: none
				; registers changed: ecx, edx

 00000020			intro PROC
 00000020  BA 0000003D R		mov		edx, OFFSET intro1	; introduce user to program
 00000025  E8 00000000 E		call	WriteString
 0000002A  E8 00000000 E		call	CrLf
					
				; get name (getName)
 0000002F  BA 000000B3 R		mov		edx, OFFSET prompt1	; ask for users name
 00000034  E8 00000000 E		call	WriteString
 00000039  BA 00000000 R		mov		edx, OFFSET username
 0000003E  B9 00000020			mov		ecx, 32
 00000043  E8 00000000 E		call	ReadString
 00000048  E8 00000000 E		call	CrLf
 0000004D  C3				ret
 0000004E			intro ENDP

				; title:  get user data
				; receives: validate 
				; returns: usernumber1
				; preconditions: validates number is in range
				; registers changed: eax, edx

				; get numbers of user (getUserData)
 0000004E			userData PROC

 0000004E			steps:
					
 0000004E  BA 000000CC R		mov		edx, OFFSET prompt2
 00000053  E8 00000000 E		call	WriteString
 00000058  E8 00000000 E		call	ReadInt
 0000005D  A3 00000021 R		mov		usernumber1, eax
 00000062  E8 00000006			call	validate
 00000067  A3 00000021 R		mov		usernumber1, eax	; set to variable
 0000006C  C3				ret
 0000006D			userData ENDP


				; title:  validate
				; receives: usernumber1, errorprompt, prompt2, global variables
				; returns: usernumber1
				; preconditions: none
				; registers changed: ecx, edx

 0000006D			validate PROC
 0000006D  A1 00000021 R		mov		eax, usernumber1
 00000072  3D 00000190			cmp		eax, MAXSIZE		; if over max get steps again
 00000077  7F 06			jg		error
 00000079  83 F8 01			cmp		eax, MINSIZE		; if under zero start over
 0000007C  7C 01			jl		error
 0000007E  C3				ret							; return its valid
 0000007F			error:
 0000007F  BA 0000011F R		mov		edx, OFFSET errorprompt
 00000084  E8 00000000 E		call	WriteString
 00000089  E8 00000000 E		call	CrLf
 0000008E  BA 000000CC R		mov		edx, OFFSET prompt2	; prompt user again to reenter number
 00000093  E8 00000000 E		call	WriteString
 00000098  E8 00000000 E		call	ReadInt
 0000009D  A3 00000021 R		mov		usernumber1, eax
 000000A2  E8 FFFFFFC6			call	validate			; validate number again
					;mov		usernumber1, eax	; set to variable
 000000A7  C3				ret
 000000A8			validate ENDP


				; title:  prints composite numbers
				; receives: usernumber1, errorprompt, prompt2, global variables
				; returns: usernumber1
				; preconditions: none
				; registers changed: ecx, edx

 000000A8			showComp PROC

 000000A8			next:
					
 000000A8  E8 00000013			call	iscomp	
 000000AD  A1 00000021 R		mov		eax, usernumber1
 000000B2  8B 1D 00000031 R		mov		ebx, count
 000000B8  3B C3			cmp		eax, ebx
 000000BA  74 03			je		done
 000000BC  7F EA			jg		next
 000000BE  C3				ret

 000000BF			done:
 000000BF  C3				ret						; ends proc	

 000000C0			showComp ENDP

				; title:  showComposites
				; receives: variables
				; returns: compstart
				; preconditions: none
				; registers changed: eax, ebx, edx



 000000C0			isComp PROC
 000000C0  A1 00000029 R		mov eax, compstart			; moves composite number
 000000C5  8B 1D 00000039 R		mov ebx, divisor
 000000CB  99				cdq
 000000CC  F7 F3			div ebx
 000000CE  89 15 00000035 R		mov	remainder, edx			; move remainder
 000000D4  83 3D 00000035 R		cmp remainder, 0			; check to see if divided evenly
	   00
 000000DB  74 16			je  printcomp
 000000DD  FF 05 00000039 R		inc divisor					; increase divisor to run again
 000000E3  A1 00000029 R		mov eax, compstart			; reset comp to check if equal to divisor
 000000E8  8B 1D 00000039 R		mov ebx, divisor
 000000EE  3B C3			cmp eax, ebx
 000000F0  74 3B			je	prime					; the number is prime
					;jl	next
 000000F2  C3				ret

 000000F3			printcomp:
 000000F3  A1 00000029 R		mov		eax, compstart		; move composite to print value
 000000F8  E8 00000000 E		call	writeDec
 000000FD  BA 0000016E R		mov		edx, OFFSET compprint ; move 3 spaces
 00000102  E8 00000000 E		call	writestring
					;call	writeDec
 00000107  FF 05 00000031 R		inc		count				; tracks comps printed
 0000010D  BA 00000000			mov		edx, 0				; 0 to edx hold for the remainder
 00000112  A1 00000031 R		mov		eax, count			; move count to see divide check for a new line
 00000117  BB 0000000A			mov		ebx, 10
 0000011C  F7 F3			div		ebx
 0000011E  83 FA 00			cmp		edx, 0				; check to see if need new line
 00000121  74 02			je		newline				; 10 numbers are on a line
 00000123  75 05			jne		nonewline
 00000125			newline:
 00000125  E8 00000000 E		call	Crlf
					
 0000012A			nonewline:
 0000012A  EB 01			jmp		prime

 0000012C  C3				ret
 0000012D			prime:
 0000012D  FF 05 00000029 R		inc compstart				; increase composite to the next number to run again
 00000133  B8 00000002			mov eax, 2
 00000138  A3 00000039 R		mov divisor, eax			; reset divisor number back to run the next number
					;jmp next
 0000013D  C3				ret
 0000013E			isComp ENDP


				; title:  bye
				; receives: variales
				; returns: none
				; preconditions: none
				; registers changed: edx


				; say good bye (farewell)

 0000013E			bye PROC
 0000013E  E8 00000000 E		call	CrLf
 00000143  BA 000001B0 R		mov		edx, OFFSET goodbye
 00000148  E8 00000000 E		call	WriteString
 0000014D  BA 00000000 R		mov		edx, OFFSET username
 00000152  E8 00000000 E		call	WriteString
 00000157  E8 00000000 E		call	CrLf
 0000015C  C3				ret
 0000015D			bye ENDP



				END main
Microsoft (R) Macro Assembler Version 14.14.26431.0	    11/02/18 20:54:09
(Program#4 (Phillips_Justin_Program4.asm		     Symbols 2 - 1




Structures and Unions:

                N a m e                  Size
                                         Offset      Type

CONSOLE_CURSOR_INFO  . . . . . .	 00000008
  dwSize . . . . . . . . . . . .	 00000000	 DWord
  bVisible . . . . . . . . . . .	 00000004	 DWord
CONSOLE_SCREEN_BUFFER_INFO . . .	 00000016
  dwSize . . . . . . . . . . . .	 00000000	 DWord
  dwCursorPosition . . . . . . .	 00000004	 DWord
  wAttributes  . . . . . . . . .	 00000008	 Word
  srWindow . . . . . . . . . . .	 0000000A	 QWord
  dwMaximumWindowSize  . . . . .	 00000012	 DWord
COORD  . . . . . . . . . . . . .	 00000004
  X  . . . . . . . . . . . . . .	 00000000	 Word
  Y  . . . . . . . . . . . . . .	 00000002	 Word
FILETIME . . . . . . . . . . . .	 00000008
  loDateTime . . . . . . . . . .	 00000000	 DWord
  hiDateTime . . . . . . . . . .	 00000004	 DWord
FOCUS_EVENT_RECORD . . . . . . .	 00000004
  bSetFocus  . . . . . . . . . .	 00000000	 DWord
FPU_ENVIRON  . . . . . . . . . .	 0000001C
  controlWord  . . . . . . . . .	 00000000	 Word
  statusWord . . . . . . . . . .	 00000004	 Word
  tagWord  . . . . . . . . . . .	 00000008	 Word
  instrPointerOffset . . . . . .	 0000000C	 DWord
  instrPointerSelector . . . . .	 00000010	 DWord
  operandPointerOffset . . . . .	 00000014	 DWord
  operandPointerSelector . . . .	 00000018	 Word
INPUT_RECORD . . . . . . . . . .	 00000014
  EventType  . . . . . . . . . .	 00000000	 Word
  Event  . . . . . . . . . . . .	 00000004	 XmmWord
  bKeyDown . . . . . . . . . . .	 00000000	 DWord
  wRepeatCount . . . . . . . . .	 00000004	 Word
  wVirtualKeyCode  . . . . . . .	 00000006	 Word
  wVirtualScanCode . . . . . . .	 00000008	 Word
  uChar  . . . . . . . . . . . .	 0000000A	 Word
  UnicodeChar  . . . . . . . . .	 00000000	 Word
  AsciiChar  . . . . . . . . . .	 00000000	 Byte
  dwControlKeyState  . . . . . .	 0000000C	 DWord
  dwMousePosition  . . . . . . .	 00000000	 DWord
  dwButtonState  . . . . . . . .	 00000004	 DWord
  dwMouseControlKeyState . . . .	 00000008	 DWord
  dwEventFlags . . . . . . . . .	 0000000C	 DWord
  dwSize . . . . . . . . . . . .	 00000000	 DWord
  dwCommandId  . . . . . . . . .	 00000000	 DWord
  bSetFocus  . . . . . . . . . .	 00000000	 DWord
KEY_EVENT_RECORD . . . . . . . .	 00000010
  bKeyDown . . . . . . . . . . .	 00000000	 DWord
  wRepeatCount . . . . . . . . .	 00000004	 Word
  wVirtualKeyCode  . . . . . . .	 00000006	 Word
  wVirtualScanCode . . . . . . .	 00000008	 Word
  uChar  . . . . . . . . . . . .	 0000000A	 Word
  UnicodeChar  . . . . . . . . .	 00000000	 Word
  AsciiChar  . . . . . . . . . .	 00000000	 Byte
  dwControlKeyState  . . . . . .	 0000000C	 DWord
MENU_EVENT_RECORD  . . . . . . .	 00000004
  dwCommandId  . . . . . . . . .	 00000000	 DWord
MOUSE_EVENT_RECORD . . . . . . .	 00000010
  dwMousePosition  . . . . . . .	 00000000	 DWord
  dwButtonState  . . . . . . . .	 00000004	 DWord
  dwMouseControlKeyState . . . .	 00000008	 DWord
  dwEventFlags . . . . . . . . .	 0000000C	 DWord
SMALL_RECT . . . . . . . . . . .	 00000008
  Left . . . . . . . . . . . . .	 00000000	 Word
  Top  . . . . . . . . . . . . .	 00000002	 Word
  Right  . . . . . . . . . . . .	 00000004	 Word
  Bottom . . . . . . . . . . . .	 00000006	 Word
SYSTEMTIME . . . . . . . . . . .	 00000010
  wYear  . . . . . . . . . . . .	 00000000	 Word
  wMonth . . . . . . . . . . . .	 00000002	 Word
  wDayOfWeek . . . . . . . . . .	 00000004	 Word
  wDay . . . . . . . . . . . . .	 00000006	 Word
  wHour  . . . . . . . . . . . .	 00000008	 Word
  wMinute  . . . . . . . . . . .	 0000000A	 Word
  wSecond  . . . . . . . . . . .	 0000000C	 Word
  wMilliseconds  . . . . . . . .	 0000000E	 Word
WINDOW_BUFFER_SIZE_RECORD  . . .	 00000004
  dwSize . . . . . . . . . . . .	 00000000	 DWord


Segments and Groups:

                N a m e                 Size     Length   Align   Combine Class

FLAT . . . . . . . . . . . . . .	GROUP
STACK  . . . . . . . . . . . . .	32 Bit	 00001000 Para	  Stack	  'STACK'	 
_DATA  . . . . . . . . . . . . .	32 Bit	 000001C2 Para	  Public  'DATA'	
_TEXT  . . . . . . . . . . . . .	32 Bit	 0000015D Para	  Public  'CODE'	


Procedures, parameters, and locals:

                N a m e                 Type     Value    Attr

CloseFile  . . . . . . . . . . .	P Near	 00000000 FLAT	Length= 00000000 External STDCALL
CloseHandle  . . . . . . . . . .	P Near	 00000000 FLAT	Length= 00000000 External STDCALL
Clrscr . . . . . . . . . . . . .	P Near	 00000000 FLAT	Length= 00000000 External STDCALL
CreateFileA  . . . . . . . . . .	P Near	 00000000 FLAT	Length= 00000000 External STDCALL
CreateOutputFile . . . . . . . .	P Near	 00000000 FLAT	Length= 00000000 External STDCALL
Crlf . . . . . . . . . . . . . .	P Near	 00000000 FLAT	Length= 00000000 External STDCALL
Delay  . . . . . . . . . . . . .	P Near	 00000000 FLAT	Length= 00000000 External STDCALL
DumpMem  . . . . . . . . . . . .	P Near	 00000000 FLAT	Length= 00000000 External STDCALL
DumpRegs . . . . . . . . . . . .	P Near	 00000000 FLAT	Length= 00000000 External STDCALL
ExitProcess  . . . . . . . . . .	P Near	 00000000 FLAT	Length= 00000000 External STDCALL
FileTimeToDosDateTime  . . . . .	P Near	 00000000 FLAT	Length= 00000000 External STDCALL
FileTimeToSystemTime . . . . . .	P Near	 00000000 FLAT	Length= 00000000 External STDCALL
FlushConsoleInputBuffer  . . . .	P Near	 00000000 FLAT	Length= 00000000 External STDCALL
FormatMessageA . . . . . . . . .	P Near	 00000000 FLAT	Length= 00000000 External STDCALL
GetCommandLineA  . . . . . . . .	P Near	 00000000 FLAT	Length= 00000000 External STDCALL
GetCommandTail . . . . . . . . .	P Near	 00000000 FLAT	Length= 00000000 External STDCALL
GetConsoleCP . . . . . . . . . .	P Near	 00000000 FLAT	Length= 00000000 External STDCALL
GetConsoleCursorInfo . . . . . .	P Near	 00000000 FLAT	Length= 00000000 External STDCALL
GetConsoleMode . . . . . . . . .	P Near	 00000000 FLAT	Length= 00000000 External STDCALL
GetConsoleScreenBufferInfo . . .	P Near	 00000000 FLAT	Length= 00000000 External STDCALL
GetDateTime  . . . . . . . . . .	P Near	 00000000 FLAT	Length= 00000000 External STDCALL
GetFileTime  . . . . . . . . . .	P Near	 00000000 FLAT	Length= 00000000 External STDCALL
GetKeyState  . . . . . . . . . .	P Near	 00000000 FLAT	Length= 00000000 External STDCALL
GetLastError . . . . . . . . . .	P Near	 00000000 FLAT	Length= 00000000 External STDCALL
GetLocalTime . . . . . . . . . .	P Near	 00000000 FLAT	Length= 00000000 External STDCALL
GetMaxXY . . . . . . . . . . . .	P Near	 00000000 FLAT	Length= 00000000 External STDCALL
GetMseconds  . . . . . . . . . .	P Near	 00000000 FLAT	Length= 00000000 External STDCALL
GetNumberOfConsoleInputEvents  .	P Near	 00000000 FLAT	Length= 00000000 External STDCALL
GetProcessHeap . . . . . . . . .	P Near	 00000000 FLAT	Length= 00000000 External STDCALL
GetStdHandle . . . . . . . . . .	P Near	 00000000 FLAT	Length= 00000000 External STDCALL
GetSystemTime  . . . . . . . . .	P Near	 00000000 FLAT	Length= 00000000 External STDCALL
GetTextColor . . . . . . . . . .	P Near	 00000000 FLAT	Length= 00000000 External STDCALL
GetTickCount . . . . . . . . . .	P Near	 00000000 FLAT	Length= 00000000 External STDCALL
Gotoxy . . . . . . . . . . . . .	P Near	 00000000 FLAT	Length= 00000000 External STDCALL
HeapAlloc  . . . . . . . . . . .	P Near	 00000000 FLAT	Length= 00000000 External STDCALL
HeapCreate . . . . . . . . . . .	P Near	 00000000 FLAT	Length= 00000000 External STDCALL
HeapDestroy  . . . . . . . . . .	P Near	 00000000 FLAT	Length= 00000000 External STDCALL
HeapFree . . . . . . . . . . . .	P Near	 00000000 FLAT	Length= 00000000 External STDCALL
HeapSize . . . . . . . . . . . .	P Near	 00000000 FLAT	Length= 00000000 External STDCALL
IsDigit  . . . . . . . . . . . .	P Near	 00000000 FLAT	Length= 00000000 External STDCALL
LocalFree  . . . . . . . . . . .	P Near	 00000000 FLAT	Length= 00000000 External STDCALL
MessageBoxA  . . . . . . . . . .	P Near	 00000000 FLAT	Length= 00000000 External STDCALL
MsgBoxAsk  . . . . . . . . . . .	P Near	 00000000 FLAT	Length= 00000000 External STDCALL
MsgBox . . . . . . . . . . . . .	P Near	 00000000 FLAT	Length= 00000000 External STDCALL
OpenInputFile  . . . . . . . . .	P Near	 00000000 FLAT	Length= 00000000 External STDCALL
ParseDecimal32 . . . . . . . . .	P Near	 00000000 FLAT	Length= 00000000 External STDCALL
ParseInteger32 . . . . . . . . .	P Near	 00000000 FLAT	Length= 00000000 External STDCALL
PeekConsoleInputA  . . . . . . .	P Near	 00000000 FLAT	Length= 00000000 External STDCALL
Random32 . . . . . . . . . . . .	P Near	 00000000 FLAT	Length= 00000000 External STDCALL
RandomRange  . . . . . . . . . .	P Near	 00000000 FLAT	Length= 00000000 External STDCALL
Randomize  . . . . . . . . . . .	P Near	 00000000 FLAT	Length= 00000000 External STDCALL
ReadChar . . . . . . . . . . . .	P Near	 00000000 FLAT	Length= 00000000 External STDCALL
ReadConsoleA . . . . . . . . . .	P Near	 00000000 FLAT	Length= 00000000 External STDCALL
ReadConsoleInputA  . . . . . . .	P Near	 00000000 FLAT	Length= 00000000 External STDCALL
ReadDec  . . . . . . . . . . . .	P Near	 00000000 FLAT	Length= 00000000 External STDCALL
ReadFile . . . . . . . . . . . .	P Near	 00000000 FLAT	Length= 00000000 External STDCALL
ReadFloat  . . . . . . . . . . .	P Near	 00000000 FLAT	Length= 00000000 External STDCALL
ReadFromFile . . . . . . . . . .	P Near	 00000000 FLAT	Length= 00000000 External STDCALL
ReadHex  . . . . . . . . . . . .	P Near	 00000000 FLAT	Length= 00000000 External STDCALL
ReadInt  . . . . . . . . . . . .	P Near	 00000000 FLAT	Length= 00000000 External STDCALL
ReadKeyFlush . . . . . . . . . .	P Near	 00000000 FLAT	Length= 00000000 External STDCALL
ReadKey  . . . . . . . . . . . .	P Near	 00000000 FLAT	Length= 00000000 External STDCALL
ReadString . . . . . . . . . . .	P Near	 00000000 FLAT	Length= 00000000 External STDCALL
SetConsoleCursorInfo . . . . . .	P Near	 00000000 FLAT	Length= 00000000 External STDCALL
SetConsoleCursorPosition . . . .	P Near	 00000000 FLAT	Length= 00000000 External STDCALL
SetConsoleMode . . . . . . . . .	P Near	 00000000 FLAT	Length= 00000000 External STDCALL
SetConsoleScreenBufferSize . . .	P Near	 00000000 FLAT	Length= 00000000 External STDCALL
SetConsoleTextAttribute  . . . .	P Near	 00000000 FLAT	Length= 00000000 External STDCALL
SetConsoleTitleA . . . . . . . .	P Near	 00000000 FLAT	Length= 00000000 External STDCALL
SetConsoleWindowInfo . . . . . .	P Near	 00000000 FLAT	Length= 00000000 External STDCALL
SetFilePointer . . . . . . . . .	P Near	 00000000 FLAT	Length= 00000000 External STDCALL
SetLocalTime . . . . . . . . . .	P Near	 00000000 FLAT	Length= 00000000 External STDCALL
SetTextColor . . . . . . . . . .	P Near	 00000000 FLAT	Length= 00000000 External STDCALL
ShowFPUStack . . . . . . . . . .	P Near	 00000000 FLAT	Length= 00000000 External STDCALL
Sleep  . . . . . . . . . . . . .	P Near	 00000000 FLAT	Length= 00000000 External STDCALL
StrLength  . . . . . . . . . . .	P Near	 00000000 FLAT	Length= 00000000 External STDCALL
Str_compare  . . . . . . . . . .	P Near	 00000000 FLAT	Length= 00000000 External STDCALL
Str_copy . . . . . . . . . . . .	P Near	 00000000 FLAT	Length= 00000000 External STDCALL
Str_length . . . . . . . . . . .	P Near	 00000000 FLAT	Length= 00000000 External STDCALL
Str_trim . . . . . . . . . . . .	P Near	 00000000 FLAT	Length= 00000000 External STDCALL
Str_ucase  . . . . . . . . . . .	P Near	 00000000 FLAT	Length= 00000000 External STDCALL
SystemTimeToFileTime . . . . . .	P Near	 00000000 FLAT	Length= 00000000 External STDCALL
WaitMsg  . . . . . . . . . . . .	P Near	 00000000 FLAT	Length= 00000000 External STDCALL
WriteBinB  . . . . . . . . . . .	P Near	 00000000 FLAT	Length= 00000000 External STDCALL
WriteBin . . . . . . . . . . . .	P Near	 00000000 FLAT	Length= 00000000 External STDCALL
WriteChar  . . . . . . . . . . .	P Near	 00000000 FLAT	Length= 00000000 External STDCALL
WriteConsoleA  . . . . . . . . .	P Near	 00000000 FLAT	Length= 00000000 External STDCALL
WriteConsoleOutputAttribute  . .	P Near	 00000000 FLAT	Length= 00000000 External STDCALL
WriteConsoleOutputCharacterA . .	P Near	 00000000 FLAT	Length= 00000000 External STDCALL
WriteDec . . . . . . . . . . . .	P Near	 00000000 FLAT	Length= 00000000 External STDCALL
WriteFile  . . . . . . . . . . .	P Near	 00000000 FLAT	Length= 00000000 External STDCALL
WriteFloat . . . . . . . . . . .	P Near	 00000000 FLAT	Length= 00000000 External STDCALL
WriteHexB  . . . . . . . . . . .	P Near	 00000000 FLAT	Length= 00000000 External STDCALL
WriteHex . . . . . . . . . . . .	P Near	 00000000 FLAT	Length= 00000000 External STDCALL
WriteInt . . . . . . . . . . . .	P Near	 00000000 FLAT	Length= 00000000 External STDCALL
WriteStackFrameName  . . . . . .	P Near	 00000000 FLAT	Length= 00000000 External STDCALL
WriteStackFrame  . . . . . . . .	P Near	 00000000 FLAT	Length= 00000000 External STDCALL
WriteString  . . . . . . . . . .	P Near	 00000000 FLAT	Length= 00000000 External STDCALL
WriteToFile  . . . . . . . . . .	P Near	 00000000 FLAT	Length= 00000000 External STDCALL
WriteWindowsMsg  . . . . . . . .	P Near	 00000000 FLAT	Length= 00000000 External STDCALL
bye  . . . . . . . . . . . . . .	P Near	 0000013E _TEXT	Length= 0000001F Public STDCALL
intro  . . . . . . . . . . . . .	P Near	 00000020 _TEXT	Length= 0000002E Public STDCALL
isComp . . . . . . . . . . . . .	P Near	 000000C0 _TEXT	Length= 0000007E Public STDCALL
  printcomp  . . . . . . . . . .	L Near	 000000F3 _TEXT	
  newline  . . . . . . . . . . .	L Near	 00000125 _TEXT	
  nonewline  . . . . . . . . . .	L Near	 0000012A _TEXT	
  prime  . . . . . . . . . . . .	L Near	 0000012D _TEXT	
main . . . . . . . . . . . . . .	P Near	 00000000 _TEXT	Length= 00000020 Public STDCALL
printf . . . . . . . . . . . . .	P Near	 00000000 FLAT	Length= 00000000 External C
scanf  . . . . . . . . . . . . .	P Near	 00000000 FLAT	Length= 00000000 External C
showComp . . . . . . . . . . . .	P Near	 000000A8 _TEXT	Length= 00000018 Public STDCALL
  next . . . . . . . . . . . . .	L Near	 000000A8 _TEXT	
  done . . . . . . . . . . . . .	L Near	 000000BF _TEXT	
userData . . . . . . . . . . . .	P Near	 0000004E _TEXT	Length= 0000001F Public STDCALL
  steps  . . . . . . . . . . . .	L Near	 0000004E _TEXT	
validate . . . . . . . . . . . .	P Near	 0000006D _TEXT	Length= 0000003B Public STDCALL
  error  . . . . . . . . . . . .	L Near	 0000007F _TEXT	
wsprintfA  . . . . . . . . . . .	P Near	 00000000 FLAT	Length= 00000000 External C


Symbols:

                N a m e                 Type     Value    Attr

@CodeSize  . . . . . . . . . . .	Number	 00000000h   
@DataSize  . . . . . . . . . . .	Number	 00000000h   
@Interface . . . . . . . . . . .	Number	 00000003h   
@Model . . . . . . . . . . . . .	Number	 00000007h   
@code  . . . . . . . . . . . . .	Text   	 _TEXT
@data  . . . . . . . . . . . . .	Text   	 FLAT
@fardata?  . . . . . . . . . . .	Text   	 FLAT
@fardata . . . . . . . . . . . .	Text   	 FLAT
@stack . . . . . . . . . . . . .	Text   	 FLAT
ALT_MASK . . . . . . . . . . . .	Number	 00000003h   
CAPSLOCK_ON  . . . . . . . . . .	Number	 00000080h   
CREATE_ALWAYS  . . . . . . . . .	Number	 00000002h   
CREATE_NEW . . . . . . . . . . .	Number	 00000001h   
CTRL_MASK  . . . . . . . . . . .	Number	 0000000Ch   
CreateFile . . . . . . . . . . .	Text   	 CreateFileA
DO_NOT_SHARE . . . . . . . . . .	Number	 00000000h   
ENABLE_ECHO_INPUT  . . . . . . .	Number	 00000004h   
ENABLE_LINE_INPUT  . . . . . . .	Number	 00000002h   
ENABLE_MOUSE_INPUT . . . . . . .	Number	 00000010h   
ENABLE_PROCESSED_INPUT . . . . .	Number	 00000001h   
ENABLE_PROCESSED_OUTPUT  . . . .	Number	 00000001h   
ENABLE_WINDOW_INPUT  . . . . . .	Number	 00000008h   
ENABLE_WRAP_AT_EOL_OUTPUT  . . .	Number	 00000002h   
ENHANCED_KEY . . . . . . . . . .	Number	 00000100h   
FALSE  . . . . . . . . . . . . .	Number	 00000000h   
FILE_APPEND_DATA . . . . . . . .	Number	 00000004h   
FILE_ATTRIBUTE_ARCHIVE . . . . .	Number	 00000020h   
FILE_ATTRIBUTE_COMPRESSED  . . .	Number	 00000800h   
FILE_ATTRIBUTE_DEVICE  . . . . .	Number	 00000040h   
FILE_ATTRIBUTE_DIRECTORY . . . .	Number	 00000010h   
FILE_ATTRIBUTE_ENCRYPTED . . . .	Number	 00004000h   
FILE_ATTRIBUTE_HIDDEN  . . . . .	Number	 00000002h   
FILE_ATTRIBUTE_NORMAL  . . . . .	Number	 00000080h   
FILE_ATTRIBUTE_NOT_CONTENT_INDEXED .	Number	 00002000h   
FILE_ATTRIBUTE_OFFLINE . . . . .	Number	 00001000h   
FILE_ATTRIBUTE_READONLY  . . . .	Number	 00000001h   
FILE_ATTRIBUTE_REPARSE_POINT . .	Number	 00000400h   
FILE_ATTRIBUTE_SPARSE_FILE . . .	Number	 00000200h   
FILE_ATTRIBUTE_SYSTEM  . . . . .	Number	 00000004h   
FILE_ATTRIBUTE_TEMPORARY . . . .	Number	 00000100h   
FILE_BEGIN . . . . . . . . . . .	Number	 00000000h   
FILE_CURRENT . . . . . . . . . .	Number	 00000001h   
FILE_DELETE_CHILD  . . . . . . .	Number	 00000040h   
FILE_END . . . . . . . . . . . .	Number	 00000002h   
FILE_READ_DATA . . . . . . . . .	Number	 00000001h   
FILE_SHARE_DELETE  . . . . . . .	Number	 00000004h   
FILE_SHARE_READ  . . . . . . . .	Number	 00000001h   
FILE_SHARE_WRITE . . . . . . . .	Number	 00000002h   
FILE_WRITE_DATA  . . . . . . . .	Number	 00000002h   
FOCUS_EVENT  . . . . . . . . . .	Number	 00000010h   
FORMAT_MESSAGE_ALLOCATE_BUFFER .	Number	 00000100h   
FORMAT_MESSAGE_FROM_SYSTEM . . .	Number	 00001000h   
FormatMessage  . . . . . . . . .	Text   	 FormatMessageA
GENERIC_ALL  . . . . . . . . . .	Number	 10000000h   
GENERIC_EXECUTE  . . . . . . . .	Number	 20000000h   
GENERIC_READ . . . . . . . . . .	Number	 -80000000h   
GENERIC_WRITE  . . . . . . . . .	Number	 40000000h   
GetCommandLine . . . . . . . . .	Text   	 GetCommandLineA
HANDLE . . . . . . . . . . . . .	Text   	 DWORD
HEAP_GENERATE_EXCEPTIONS . . . .	Number	 00000004h   
HEAP_GROWABLE  . . . . . . . . .	Number	 00000002h   
HEAP_NO_SERIALIZE  . . . . . . .	Number	 00000001h   
HEAP_REALLOC_IN_PLACE_ONLY . . .	Number	 00000010h   
HEAP_ZERO_MEMORY . . . . . . . .	Number	 00000008h   
IDABORT  . . . . . . . . . . . .	Number	 00000003h   
IDCANCEL . . . . . . . . . . . .	Number	 00000002h   
IDCLOSE  . . . . . . . . . . . .	Number	 00000008h   
IDCONTINUE . . . . . . . . . . .	Number	 0000000Bh   
IDHELP . . . . . . . . . . . . .	Number	 00000009h   
IDIGNORE . . . . . . . . . . . .	Number	 00000005h   
IDNO . . . . . . . . . . . . . .	Number	 00000007h   
IDOK . . . . . . . . . . . . . .	Number	 00000001h   
IDRETRY  . . . . . . . . . . . .	Number	 00000004h   
IDTIMEOUT  . . . . . . . . . . .	Number	 00007D00h   
IDTRYAGAIN . . . . . . . . . . .	Number	 0000000Ah   
IDYES  . . . . . . . . . . . . .	Number	 00000006h   
INVALID_HANDLE_VALUE . . . . . .	Number	 -00000001h   
KBDOWN_FLAG  . . . . . . . . . .	Number	 00000001h   
KEY_EVENT  . . . . . . . . . . .	Number	 00000001h   
KEY_MASKS  . . . . . . . . . . .	Number	 0000001Fh   
LEFT_ALT_PRESSED . . . . . . . .	Number	 00000002h   
LEFT_CTRL_PRESSED  . . . . . . .	Number	 00000008h   
MAXSIZE  . . . . . . . . . . . .	Number	 00000190h   
MB_ABORTRETRYIGNORE  . . . . . .	Number	 00000002h   
MB_APPLMODAL . . . . . . . . . .	Number	 00000000h   
MB_CANCELTRYCONTINUE . . . . . .	Number	 00000006h   
MB_DEFBUTTON1  . . . . . . . . .	Number	 00000000h   
MB_DEFBUTTON2  . . . . . . . . .	Number	 00000100h   
MB_DEFBUTTON3  . . . . . . . . .	Number	 00000200h   
MB_DEFBUTTON4  . . . . . . . . .	Number	 00000300h   
MB_HELP  . . . . . . . . . . . .	Number	 00004000h   
MB_ICONASTERISK  . . . . . . . .	Number	 00000040h   
MB_ICONERROR . . . . . . . . . .	Number	 00000010h   
MB_ICONEXCLAMATION . . . . . . .	Number	 00000030h   
MB_ICONHAND  . . . . . . . . . .	Number	 00000010h   
MB_ICONINFORMATION . . . . . . .	Number	 00000040h   
MB_ICONQUESTION  . . . . . . . .	Number	 00000020h   
MB_ICONSTOP  . . . . . . . . . .	Number	 00000010h   
MB_ICONWARNING . . . . . . . . .	Number	 00000030h   
MB_OKCANCEL  . . . . . . . . . .	Number	 00000001h   
MB_OK  . . . . . . . . . . . . .	Number	 00000000h   
MB_RETRYCANCEL . . . . . . . . .	Number	 00000005h   
MB_SYSTEMMODAL . . . . . . . . .	Number	 00001000h   
MB_TASKMODAL . . . . . . . . . .	Number	 00002000h   
MB_USERICON  . . . . . . . . . .	Number	 00000080h   
MB_YESNOCANCEL . . . . . . . . .	Number	 00000003h   
MB_YESNO . . . . . . . . . . . .	Number	 00000004h   
MENU_EVENT . . . . . . . . . . .	Number	 00000008h   
MINSIZE  . . . . . . . . . . . .	Number	 00000001h   
MOUSE_EVENT  . . . . . . . . . .	Number	 00000002h   
MessageBox . . . . . . . . . . .	Text   	 MessageBoxA
NULL . . . . . . . . . . . . . .	Number	 00000000h   
NUMLOCK_ON . . . . . . . . . . .	Number	 00000020h   
OPEN_ALWAYS  . . . . . . . . . .	Number	 00000004h   
OPEN_EXISTING  . . . . . . . . .	Number	 00000003h   
PeekConsoleInput . . . . . . . .	Text   	 PeekConsoleInputA
RIGHT_ALT_PRESSED  . . . . . . .	Number	 00000001h   
RIGHT_CTRL_PRESSED . . . . . . .	Number	 00000004h   
ReadConsoleInput . . . . . . . .	Text   	 ReadConsoleInputA
ReadConsole  . . . . . . . . . .	Text   	 ReadConsoleA
SCROLLLOCK_ON  . . . . . . . . .	Number	 00000040h   
SHIFT_MASK . . . . . . . . . . .	Number	 00000010h   
SHIFT_PRESSED  . . . . . . . . .	Number	 00000010h   
STD_ERROR_HANDLE . . . . . . . .	Number	 -0000000Ch   
STD_INPUT_HANDLE . . . . . . . .	Number	 -0000000Ah   
STD_OUTPUT_HANDLE  . . . . . . .	Number	 -0000000Bh   
SetConsoleTitle  . . . . . . . .	Text   	 SetConsoleTitleA
TAB  . . . . . . . . . . . . . .	Number	 00000009h   
TRUE . . . . . . . . . . . . . .	Number	 00000001h   
TRUNCATE_EXISTING  . . . . . . .	Number	 00000005h   
VK_11  . . . . . . . . . . . . .	Number	 000000BDh   
VK_12  . . . . . . . . . . . . .	Number	 000000BBh   
VK_ADD . . . . . . . . . . . . .	Number	 0000006Bh   
VK_BACK  . . . . . . . . . . . .	Number	 00000008h   
VK_CANCEL  . . . . . . . . . . .	Number	 00000003h   
VK_CAPITAL . . . . . . . . . . .	Number	 00000014h   
VK_CLEAR . . . . . . . . . . . .	Number	 0000000Ch   
VK_CONTROL . . . . . . . . . . .	Number	 00000011h   
VK_DECIMAL . . . . . . . . . . .	Number	 0000006Eh   
VK_DELETE  . . . . . . . . . . .	Number	 0000002Eh   
VK_DIVIDE  . . . . . . . . . . .	Number	 0000006Fh   
VK_DOWN  . . . . . . . . . . . .	Number	 00000028h   
VK_END . . . . . . . . . . . . .	Number	 00000023h   
VK_ESCAPE  . . . . . . . . . . .	Number	 0000001Bh   
VK_EXECUTE . . . . . . . . . . .	Number	 0000002Bh   
VK_F10 . . . . . . . . . . . . .	Number	 00000079h   
VK_F11 . . . . . . . . . . . . .	Number	 0000007Ah   
VK_F12 . . . . . . . . . . . . .	Number	 0000007Bh   
VK_F13 . . . . . . . . . . . . .	Number	 0000007Ch   
VK_F14 . . . . . . . . . . . . .	Number	 0000007Dh   
VK_F15 . . . . . . . . . . . . .	Number	 0000007Eh   
VK_F16 . . . . . . . . . . . . .	Number	 0000007Fh   
VK_F17 . . . . . . . . . . . . .	Number	 00000080h   
VK_F18 . . . . . . . . . . . . .	Number	 00000081h   
VK_F19 . . . . . . . . . . . . .	Number	 00000082h   
VK_F1  . . . . . . . . . . . . .	Number	 00000070h   
VK_F20 . . . . . . . . . . . . .	Number	 00000083h   
VK_F21 . . . . . . . . . . . . .	Number	 00000084h   
VK_F22 . . . . . . . . . . . . .	Number	 00000085h   
VK_F23 . . . . . . . . . . . . .	Number	 00000086h   
VK_F24 . . . . . . . . . . . . .	Number	 00000087h   
VK_F2  . . . . . . . . . . . . .	Number	 00000071h   
VK_F3  . . . . . . . . . . . . .	Number	 00000072h   
VK_F4  . . . . . . . . . . . . .	Number	 00000073h   
VK_F5  . . . . . . . . . . . . .	Number	 00000074h   
VK_F6  . . . . . . . . . . . . .	Number	 00000075h   
VK_F7  . . . . . . . . . . . . .	Number	 00000076h   
VK_F8  . . . . . . . . . . . . .	Number	 00000077h   
VK_F9  . . . . . . . . . . . . .	Number	 00000078h   
VK_HELP  . . . . . . . . . . . .	Number	 0000002Fh   
VK_HOME  . . . . . . . . . . . .	Number	 00000024h   
VK_INSERT  . . . . . . . . . . .	Number	 0000002Dh   
VK_LBUTTON . . . . . . . . . . .	Number	 00000001h   
VK_LCONTROL  . . . . . . . . . .	Number	 000000A2h   
VK_LEFT  . . . . . . . . . . . .	Number	 00000025h   
VK_LMENU . . . . . . . . . . . .	Number	 000000A4h   
VK_LSHIFT  . . . . . . . . . . .	Number	 000000A0h   
VK_MENU  . . . . . . . . . . . .	Number	 00000012h   
VK_MULTIPLY  . . . . . . . . . .	Number	 0000006Ah   
VK_NEXT  . . . . . . . . . . . .	Number	 00000022h   
VK_NUMLOCK . . . . . . . . . . .	Number	 00000090h   
VK_NUMPAD0 . . . . . . . . . . .	Number	 00000060h   
VK_NUMPAD1 . . . . . . . . . . .	Number	 00000061h   
VK_NUMPAD2 . . . . . . . . . . .	Number	 00000062h   
VK_NUMPAD3 . . . . . . . . . . .	Number	 00000063h   
VK_NUMPAD4 . . . . . . . . . . .	Number	 00000064h   
VK_NUMPAD5 . . . . . . . . . . .	Number	 00000065h   
VK_NUMPAD6 . . . . . . . . . . .	Number	 00000066h   
VK_NUMPAD7 . . . . . . . . . . .	Number	 00000067h   
VK_NUMPAD8 . . . . . . . . . . .	Number	 00000068h   
VK_NUMPAD9 . . . . . . . . . . .	Number	 00000069h   
VK_PAUSE . . . . . . . . . . . .	Number	 00000013h   
VK_PRINT . . . . . . . . . . . .	Number	 0000002Ah   
VK_PRIOR . . . . . . . . . . . .	Number	 00000021h   
VK_RBUTTON . . . . . . . . . . .	Number	 00000002h   
VK_RCONTROL  . . . . . . . . . .	Number	 000000A3h   
VK_RETURN  . . . . . . . . . . .	Number	 0000000Dh   
VK_RIGHT . . . . . . . . . . . .	Number	 00000027h   
VK_RMENU . . . . . . . . . . . .	Number	 000000A5h   
VK_RSHIFT  . . . . . . . . . . .	Number	 000000A1h   
VK_SCROLL  . . . . . . . . . . .	Number	 00000091h   
VK_SEPARATER . . . . . . . . . .	Number	 0000006Ch   
VK_SHIFT . . . . . . . . . . . .	Number	 00000010h   
VK_SNAPSHOT  . . . . . . . . . .	Number	 0000002Ch   
VK_SPACE . . . . . . . . . . . .	Number	 00000020h   
VK_SUBTRACT  . . . . . . . . . .	Number	 0000006Dh   
VK_TAB . . . . . . . . . . . . .	Number	 00000009h   
VK_UP  . . . . . . . . . . . . .	Number	 00000026h   
WINDOW_BUFFER_SIZE_EVENT . . . .	Number	 00000004h   
WriteConsoleOutputCharacter  . .	Text   	 WriteConsoleOutputCharacterA
WriteConsole . . . . . . . . . .	Text   	 WriteConsoleA
averesult  . . . . . . . . . . .	Byte	 0000018A _DATA	
black  . . . . . . . . . . . . .	Number	 00000000h   
blue . . . . . . . . . . . . . .	Number	 00000001h   
brown  . . . . . . . . . . . . .	Number	 00000006h   
compprint  . . . . . . . . . . .	Byte	 0000016E _DATA	
compstart  . . . . . . . . . . .	DWord	 00000029 _DATA	
comp . . . . . . . . . . . . . .	DWord	 00000025 _DATA	
countresult  . . . . . . . . . .	Byte	 00000172 _DATA	
count  . . . . . . . . . . . . .	DWord	 00000031 _DATA	
cyan . . . . . . . . . . . . . .	Number	 00000003h   
divisor  . . . . . . . . . . . .	DWord	 00000039 _DATA	
ecintro  . . . . . . . . . . . .	Byte	 00000082 _DATA	
errorprompt  . . . . . . . . . .	Byte	 0000011F _DATA	
exit . . . . . . . . . . . . . .	Text   	 INVOKE ExitProcess,0
goodbye  . . . . . . . . . . . .	Byte	 000001B0 _DATA	
gray . . . . . . . . . . . . . .	Number	 00000008h   
green  . . . . . . . . . . . . .	Number	 00000002h   
intro1 . . . . . . . . . . . . .	Byte	 0000003D _DATA	
lightBlue  . . . . . . . . . . .	Number	 00000009h   
lightCyan  . . . . . . . . . . .	Number	 0000000Bh   
lightGray  . . . . . . . . . . .	Number	 00000007h   
lightGreen . . . . . . . . . . .	Number	 0000000Ah   
lightMagenta . . . . . . . . . .	Number	 0000000Dh   
lightRed . . . . . . . . . . . .	Number	 0000000Ch   
linenumber . . . . . . . . . . .	Byte	 000001AD _DATA	
magenta  . . . . . . . . . . . .	Number	 00000005h   
prompt1  . . . . . . . . . . . .	Byte	 000000B3 _DATA	
prompt2  . . . . . . . . . . . .	Byte	 000000CC _DATA	
red  . . . . . . . . . . . . . .	Number	 00000004h   
remainder  . . . . . . . . . . .	DWord	 00000035 _DATA	
sum  . . . . . . . . . . . . . .	DWord	 0000002D _DATA	
userinput  . . . . . . . . . . .	Byte	 0000015F _DATA	
username . . . . . . . . . . . .	Byte	 00000000 _DATA	
usernumber1  . . . . . . . . . .	DWord	 00000021 _DATA	
white  . . . . . . . . . . . . .	Number	 0000000Fh   
wsprintf . . . . . . . . . . . .	Text   	 wsprintfA
yellow . . . . . . . . . . . . .	Number	 0000000Eh   

	   0 Warnings
	   0 Errors
